<?xml version="1.0" encoding="UTF-8"?>
<!-- Generated by org.testng.reporters.JUnitReportReporter -->
<testsuite hostname="LAPTOP-C47L2146" failures="0" tests="1" name="com.org.ssbms.basetest.BaseTest" time="0.009" errors="0" timestamp="2023-10-29T20:37:15 IST" skipped="0">
  <testcase classname="com.org.ssbms.basetest.BaseTest" name="test" time="0.009"/>
</testsuite> <!-- com.org.ssbms.basetest.BaseTest -->
