<?xml version="1.0" encoding="UTF-8"?>
<!-- Generated by org.testng.reporters.JUnitReportReporter -->
<testsuite hostname="LAPTOP-C47L2146" failures="0" tests="1" name="com.org.ssbms.restassured.GetRequestAutomation" time="1.475" errors="0" timestamp="2023-10-28T18:19:40 IST" skipped="0">
  <testcase classname="com.org.ssbms.restassured.GetRequestAutomation" name="testGetRequest" time="1.475"/>
</testsuite> <!-- com.org.ssbms.restassured.GetRequestAutomation -->
