<?xml version="1.0" encoding="UTF-8"?>
<!-- Generated by org.testng.reporters.JUnitReportReporter -->
<testsuite hostname="ShivaSSBMS" failures="0" tests="6" name="com.org.ssbms.restassured.PathParametersTest" time="2.562" errors="0" timestamp="2023-11-10T14:44:44 IST" skipped="5">
  <testcase classname="com.org.ssbms.restassured.PathParametersTest" name="testUpdateWithContext" time="2.562"/>
  <testcase classname="com.org.ssbms.restassured.PathParametersTest" name="testAPIWithGetURLs">
    <skipped/>
  </testcase> <!-- testAPIWithGetURLs -->
  <testcase classname="com.org.ssbms.restassured.PathParametersTest" name="testCreateBookindID">
    <skipped/>
  </testcase> <!-- testCreateBookindID -->
  <testcase classname="com.org.ssbms.restassured.PathParametersTest" name="testGetWithContext">
    <skipped/>
  </testcase> <!-- testGetWithContext -->
  <testcase classname="com.org.ssbms.restassured.PathParametersTest" name="testAPIWithPathParameters">
    <skipped/>
  </testcase> <!-- testAPIWithPathParameters -->
  <testcase classname="com.org.ssbms.restassured.PathParametersTest" name="createToken">
    <skipped/>
  </testcase> <!-- createToken -->
</testsuite> <!-- com.org.ssbms.restassured.PathParametersTest -->
