<?xml version="1.0" encoding="UTF-8"?>
<!-- Generated by org.testng.reporters.JUnitReportReporter -->
<testsuite hostname="LAPTOP-C47L2146" failures="0" tests="2" name="com.org.ssbms.restassured.PostRequestAutomation" time="2.837" errors="0" timestamp="2023-10-28T18:30:23 IST" skipped="0">
  <testcase classname="com.org.ssbms.restassured.PostRequestAutomation" name="testPostRequestWithHashMap" time="2.393"/>
  <testcase classname="com.org.ssbms.restassured.PostRequestAutomation" name="testPostRequestWithStringPayload" time="0.444"/>
</testsuite> <!-- com.org.ssbms.restassured.PostRequestAutomation -->
